<?xml version="1.0" encoding="UTF-8"?>
<!-- Generated by org.testng.reporters.JUnitXMLReporter -->
<testsuite ignored="0" hostname="DESKTOP-JNU777G" failures="0" tests="3" name="HomePageTest" time="7.689" errors="0" timestamp="2026-02-21T02:15:01 IST">
  <testcase classname="com.CRM.TestCase.HomePageTestCase" name="verifyUrl" time="0.036"/>
  <testcase classname="com.CRM.TestCase.HomePageTestCase" name="verifyTitle" time="0.026"/>
  <testcase classname="com.CRM.TestCase.HomePageTestCase" name="verifySignInLink" time="1.41"/>
</testsuite> <!-- HomePageTest -->
