<?xml version="1.0" encoding="UTF-8"?>
<testng-results ignored="0" total="4" passed="4" failed="0" skipped="0">
  <reporter-output>
  </reporter-output>
  <suite started-at="2026-02-21T01:31:38 IST" name="DevOps" finished-at="2026-02-21T01:31:50 IST" duration-ms="11672">
    <groups>
    </groups>
    <test started-at="2026-02-21T01:31:38 IST" name="HomePageTest" finished-at="2026-02-21T01:31:44 IST" duration-ms="6484">
      <class name="com.CRM.TestCase.HomePageTestCase">
        <test-method is-config="true" signature="setup()[pri:0, instance:com.CRM.TestCase.HomePageTestCase@510f3d34]" started-at="2026-02-21T01:31:38 IST" name="setup" finished-at="2026-02-21T01:31:43 IST" duration-ms="5146" status="PASS">
          <reporter-output>
          </reporter-output>
        </test-method> <!-- setup -->
        <test-method signature="verifyUrl()[pri:1, instance:com.CRM.TestCase.HomePageTestCase@510f3d34]" started-at="2026-02-21T01:31:43 IST" name="verifyUrl" finished-at="2026-02-21T01:31:43 IST" duration-ms="36" status="PASS">
          <reporter-output>
          </reporter-output>
        </test-method> <!-- verifyUrl -->
        <test-method signature="verifyTitle()[pri:2, instance:com.CRM.TestCase.HomePageTestCase@510f3d34]" started-at="2026-02-21T01:31:43 IST" name="verifyTitle" finished-at="2026-02-21T01:31:43 IST" duration-ms="21" status="PASS">
          <reporter-output>
          </reporter-output>
        </test-method> <!-- verifyTitle -->
        <test-method signature="verifySignInLink()[pri:3, instance:com.CRM.TestCase.HomePageTestCase@510f3d34]" started-at="2026-02-21T01:31:43 IST" name="verifySignInLink" finished-at="2026-02-21T01:31:44 IST" duration-ms="1188" status="PASS">
          <reporter-output>
          </reporter-output>
        </test-method> <!-- verifySignInLink -->
      </class> <!-- com.CRM.TestCase.HomePageTestCase -->
    </test> <!-- HomePageTest -->
    <test started-at="2026-02-21T01:31:45 IST" name="LoginPageTest" finished-at="2026-02-21T01:31:50 IST" duration-ms="5080">
      <class name="com.CRM.TestCase.LoginPageTestCase">
        <test-method is-config="true" signature="setup()[pri:0, instance:com.CRM.TestCase.LoginPageTestCase@37883b97]" started-at="2026-02-21T01:31:45 IST" name="setup" finished-at="2026-02-21T01:31:47 IST" duration-ms="2661" status="PASS">
          <reporter-output>
          </reporter-output>
        </test-method> <!-- setup -->
        <test-method is-config="true" signature="pageSetUp()[pri:0, instance:com.CRM.TestCase.LoginPageTestCase@37883b97]" started-at="2026-02-21T01:31:47 IST" name="pageSetUp" finished-at="2026-02-21T01:31:49 IST" duration-ms="1313" status="PASS">
          <reporter-output>
          </reporter-output>
        </test-method> <!-- pageSetUp -->
        <test-method signature="validateLogin()[pri:0, instance:com.CRM.TestCase.LoginPageTestCase@37883b97]" started-at="2026-02-21T01:31:49 IST" name="validateLogin" finished-at="2026-02-21T01:31:50 IST" duration-ms="1100" status="PASS">
          <reporter-output>
          </reporter-output>
        </test-method> <!-- validateLogin -->
      </class> <!-- com.CRM.TestCase.LoginPageTestCase -->
    </test> <!-- LoginPageTest -->
  </suite> <!-- DevOps -->
</testng-results>
