<?xml version="1.0" encoding="UTF-8"?>
<!-- Generated by org.testng.reporters.JUnitReportReporter -->
<testsuite hostname="DESKTOP-JNU777G" failures="0" tests="3" name="com.CRM.TestCase.HomePageTestCase" time="1.245" errors="0" timestamp="2026-02-21T01:31:50 IST" skipped="0">
  <testcase classname="com.CRM.TestCase.HomePageTestCase" name="verifyUrl" time="0.036"/>
  <testcase classname="com.CRM.TestCase.HomePageTestCase" name="verifyTitle" time="0.021"/>
  <testcase classname="com.CRM.TestCase.HomePageTestCase" name="verifySignInLink" time="1.188"/>
</testsuite> <!-- com.CRM.TestCase.HomePageTestCase -->
