<?xml version="1.0" encoding="UTF-8"?>
<!-- Generated by org.testng.reporters.JUnitReportReporter -->
<testsuite hostname="DESKTOP-JNU777G" failures="0" tests="3" name="com.CRM.TestCase.HomePageTestCase" time="1.472" errors="0" timestamp="2026-02-21T02:15:08 IST" skipped="0">
  <testcase classname="com.CRM.TestCase.HomePageTestCase" name="verifyUrl" time="0.036"/>
  <system-out/>
  <testcase classname="com.CRM.TestCase.HomePageTestCase" name="verifyTitle" time="0.026"/>
  <system-out/>
  <testcase classname="com.CRM.TestCase.HomePageTestCase" name="verifySignInLink" time="1.410"/>
  <system-out/>
</testsuite> <!-- com.CRM.TestCase.HomePageTestCase -->
